-------------------------------------------------------------------------------
Test set: com.escustom.elasticsearch_lib.ElasticsearchLibApplicationTests
-------------------------------------------------------------------------------
Tests run: 1, Failures: 0, Errors: 1, Skipped: 0, Time elapsed: 0.252 s <<< FAILURE! - in com.escustom.elasticsearch_lib.ElasticsearchLibApplicationTests
com.escustom.elasticsearch_lib.ElasticsearchLibApplicationTests  Time elapsed: 0.251 s  <<< ERROR!
java.lang.IllegalStateException: Unable to find a @SpringBootConfiguration, you need to use @ContextConfiguration or @SpringBootTest(classes=...) with your test

