<?xml version="1.0" encoding="UTF-8"?>
<testsuite xmlns:xsi="http://www.w3.org/2001/XMLSchema-instance" xsi:noNamespaceSchemaLocation="https://maven.apache.org/surefire/maven-surefire-plugin/xsd/surefire-test-report.xsd" name="com.escustom.elasticsearch_lib.ElasticsearchLibApplicationTests" time="0.252" tests="1" errors="1" skipped="0" failures="0">
  <properties>
[...]
</properties>
  <testcase name="com.escustom.elasticsearch_lib.ElasticsearchLibApplicationTests" classname="com.escustom.elasticsearch_lib.ElasticsearchLibApplicationTests" time="0.251">
    <error message="Unable to find a @SpringBootConfiguration, you need to use @ContextConfiguration or @SpringBootTest(classes=...) with your test" type="java.lang.IllegalStateException">java.lang.IllegalStateException: Unable to find a @SpringBootConfiguration, you need to use @ContextConfiguration or @SpringBootTest(classes=...) with your test
</error>
    <system-out><![CDATA[00:07:16.603 [main] DEBUG org.springframework.test.context.BootstrapUtils - Instantiating CacheAwareContextLoaderDelegate from class [org.springframework.test.context.cache.DefaultCacheAwareContextLoaderDelegate]
00:07:16.630 [main] DEBUG org.springframework.test.context.BootstrapUtils - Instantiating BootstrapContext using constructor [public org.springframework.test.context.support.DefaultBootstrapContext(java.lang.Class,org.springframework.test.context.CacheAwareContextLoaderDelegate)]
00:07:16.668 [main] DEBUG org.springframework.test.context.BootstrapUtils - Instantiating TestContextBootstrapper for test class [com.escustom.elasticsearch_lib.ElasticsearchLibApplicationTests] from class [org.springframework.boot.test.context.SpringBootTestContextBootstrapper]
00:07:16.681 [main] INFO org.springframework.boot.test.context.SpringBootTestContextBootstrapper - Neither @ContextConfiguration nor @ContextHierarchy found for test class [com.escustom.elasticsearch_lib.ElasticsearchLibApplicationTests], using SpringBootContextLoader
00:07:16.684 [main] DEBUG org.springframework.test.context.support.AbstractContextLoader - Did not detect default resource location for test class [com.escustom.elasticsearch_lib.ElasticsearchLibApplicationTests]: class path resource [com/escustom/elasticsearch_lib/ElasticsearchLibApplicationTests-context.xml] does not exist
00:07:16.685 [main] DEBUG org.springframework.test.context.support.AbstractContextLoader - Did not detect default resource location for test class [com.escustom.elasticsearch_lib.ElasticsearchLibApplicationTests]: class path resource [com/escustom/elasticsearch_lib/ElasticsearchLibApplicationTestsContext.groovy] does not exist
00:07:16.685 [main] INFO org.springframework.test.context.support.AbstractContextLoader - Could not detect default resource locations for test class [com.escustom.elasticsearch_lib.ElasticsearchLibApplicationTests]: no resource found for suffixes {-context.xml, Context.groovy}.
00:07:16.685 [main] INFO org.springframework.test.context.support.AnnotationConfigContextLoaderUtils - Could not detect default configuration classes for test class [com.escustom.elasticsearch_lib.ElasticsearchLibApplicationTests]: ElasticsearchLibApplicationTests does not declare any static, non-private, non-final, nested classes annotated with @Configuration.
00:07:16.729 [main] DEBUG org.springframework.test.context.support.ActiveProfilesUtils - Could not find an 'annotation declaring class' for annotation type [org.springframework.test.context.ActiveProfiles] and class [com.escustom.elasticsearch_lib.ElasticsearchLibApplicationTests]
]]></system-out>
  </testcase>
</testsuite>